<?xml version="1.0" encoding="UTF-8"?>
<!-- Generated by org.testng.reporters.JUnitReportReporter -->
<testsuite skipped="0" hostname="RAVI-PC" name="com.qa.hubspot.tests.HomePageTest" tests="2" failures="0" timestamp="17 Sep 2020 12:45:04 GMT" time="12.487" errors="0">
  <testcase name="verifyHomePageHeaderTest" time="12.210" classname="com.qa.hubspot.tests.HomePageTest"/>
  <testcase name="verifyHomePageTitleTest" time="0.277" classname="com.qa.hubspot.tests.HomePageTest"/>
</testsuite> <!-- com.qa.hubspot.tests.HomePageTest -->
