<?xml version="1.0" encoding="UTF-8"?>
<!-- Generated by org.testng.reporters.JUnitReportReporter -->
<testsuite skipped="0" hostname="RAVI-PC" name="com.qa.hubspot.tests.LoginPageTest" tests="3" failures="0" timestamp="17 Sep 2020 13:09:35 GMT" time="7.545" errors="0">
  <testcase name="verifySignUpLinkTest" time="5.848" classname="com.qa.hubspot.tests.LoginPageTest"/>
  <testcase name="verifyLoginPageTitleTest" time="0.161" classname="com.qa.hubspot.tests.LoginPageTest"/>
  <testcase name="loginPageTest" time="1.536" classname="com.qa.hubspot.tests.LoginPageTest"/>
</testsuite> <!-- com.qa.hubspot.tests.LoginPageTest -->
